[GIN-debug] [WARNING] Running in "debug" mode. Switch to "release" mode in production.
 - using env:	export GIN_MODE=release
 - using code:	gin.SetMode(gin.ReleaseMode)

[GIN-debug] GET    /css/*filepath            --> github.com/gin-gonic/gin.(*RouterGroup).createStaticHandler.func1 (1 handlers)
[GIN-debug] HEAD   /css/*filepath            --> github.com/gin-gonic/gin.(*RouterGroup).createStaticHandler.func1 (1 handlers)
[GIN-debug] Loaded HTML Templates (4): 
	- index.html
	- 
	- footer.html
	- header.html

[GIN-debug] POST   /login                    --> main.main.func1 (4 handlers)
[GIN-debug] GET    /api/test                 --> main.main.func2 (5 handlers)
[GIN-debug] GET    /api/videos               --> main.main.func3 (5 handlers)
[GIN-debug] POST   /api/videos               --> main.main.func4 (5 handlers)
[GIN-debug] GET    /view/videos              --> github.com/EDDYCJY/go-gin-example/controller.IVideoController.ShowAll-fm (5 handlers)
[GIN-debug] [WARNING] You trusted all proxies, this is NOT safe. We recommend you to set a value.
Please check https://pkg.go.dev/github.com/gin-gonic/gin#readme-don-t-trust-all-proxies for details.
[GIN-debug] Listening and serving HTTP on :8080
::1 - [17 Jun 22 17:36 CST] POST /api/videos 401 1.1201ms 
::1 - [17 Jun 22 17:39 CST] POST /api/videos 401 807.6µs 
::1 - [17 Jun 22 17:39 CST] POST /api/videos 401 2.4027ms 
::1 - [17 Jun 22 17:39 CST] POST /login 200 5.8006072s 
::1 - [17 Jun 22 17:39 CST] POST /api/videos 401 849.6µs 
::1 - [17 Jun 22 17:40 CST] POST /api/videos 401 890µs 
::1 - [17 Jun 22 17:41 CST] POST /api/videos 200 234.4µs 
::1 - [17 Jun 22 17:41 CST] GET /videos 404 1.5125ms 
::1 - [17 Jun 22 17:41 CST] GET /api/videos 200 891.4µs 
::1 - [17 Jun 22 17:41 CST] GET /view/videos 200 2.1543ms 
::1 - [17 Jun 22 17:41 CST] GET / 404 527.5µs 
[GIN-debug] redirecting request 301: /view/videos --> /view/videos
::1 - [17 Jun 22 17:41 CST] GET /view/videos 200 2.0571ms 
